0 info it worked if it ends with ok
1 verbose cli [ 'C:\\Programs\\nodejs\\6.9.0\\node.exe',
1 verbose cli   'C:\\Programs\\nodejs\\6.9.0\\node_modules\\npm\\bin\\npm-cli.js',
1 verbose cli   'start' ]
2 info using npm@3.10.8
3 info using node@v6.9.0
4 verbose run-script [ 'prestart', 'start', 'poststart' ]
5 info lifecycle angular-seed@0.0.0~prestart: angular-seed@0.0.0
6 silly lifecycle angular-seed@0.0.0~prestart: no script for prestart, continuing
7 info lifecycle angular-seed@0.0.0~start: angular-seed@0.0.0
8 verbose lifecycle angular-seed@0.0.0~start: unsafe-perm in lifecycle true
9 verbose lifecycle angular-seed@0.0.0~start: PATH: C:\Programs\nodejs\6.9.0\node_modules\npm\bin\node-gyp-bin;C:\Users\mtang071\Workspace\NetBeansProjects\HelloThreeJS\node_modules\.bin;C:\cygwin64\usr\local\bin;C:\cygwin64\bin;C:\Programs\Apache.org\apache-maven-3.3.9\bin;C:\Programs\Java\jdk1.7.0_80\bin;C:\Programs\Apache.org\apache-ant-1.8.2\bin;C:\WINDOWS\system32;C:\WINDOWS;C:\WINDOWS\System32\Wbem;C:\Program Files\WinZip;C:\Program Files\Microsoft SQL Server\Client SDK\ODBC\110\Tools\Binn;C:\Program Files (x86)\Microsoft SQL Server\120\Tools\Binn;C:\Program Files\Microsoft SQL Server\120\Tools\Binn;C:\Program Files\Microsoft SQL Server\120\DTS\Binn;C:\WINDOWS\System32\WindowsPowerShell\v1.0;C:\Program Files (x86)\IBM\Lotus\Notes;C:\Program Files\Intel\WiFi\bin;C:\Program Files\Common Files\Intel\WirelessCommon;C:\Program Files (x86)\SafeCom\SafeComPrintClient;C:\Program Files\SafeCom\SafeComAppPrint;C:\Program Files (x86)\NTRU Cryptosystems\NTRU TCG Software Stack (x64)\bin;C:\Program Files\NTRU Cryptosystems\NTRU TCG Software Stack\bin;C:\Programs\Git\bin;C:\Programs\nodejs\6.9.0;C:\Programs\TortoiseSVN\bin;C:\Programs2\MongoDB\mongodb-win32-x86_64-enterprise-windows-64-3.4.0\bin;C:\Program Files (x86)\Google\Chrome\Application;C:\WINDOWS\system32;C:\WINDOWS;C:\WINDOWS\System32\Wbem;C:\Program Files\WinZip;C:\Program Files\Microsoft SQL Server\Client SDK\ODBC\110\Tools\Binn;C:\Program Files (x86)\Microsoft SQL Server\120\Tools\Binn;C:\Program Files\Microsoft SQL Server\120\Tools\Binn;C:\Program Files\Microsoft SQL Server\120\DTS\Binn;C:\WINDOWS\System32\WindowsPowerShell\v1.0;C:\Program Files (x86)\IBM\Lotus\Notes;C:\Program Files\Intel\WiFi\bin;C:\Program Files\Common Files\Intel\WirelessCommon;C:\Program Files (x86)\SafeCom\SafeComPrintClient;C:\Program Files\SafeCom\SafeComAppPrint;C:\Program Files (x86)\NTRU Cryptosystems\NTRU TCG Software Stack (x64)\bin;C:\Program Files\NTRU Cryptosystems\NTRU TCG Software Stack\bin;C:\Users\mtang071\AppData\Roaming\npm;C:\Users\mtang071\AppData\Local\atom\bin
10 verbose lifecycle angular-seed@0.0.0~start: CWD: C:\Users\mtang071\Workspace\NetBeansProjects\HelloThreeJS
11 silly lifecycle angular-seed@0.0.0~start: Args: [ '/d /s /c', 'http-server -a localhost -p 8000 -c-1 ./app' ]
12 silly lifecycle angular-seed@0.0.0~start: Returned: code: 1  signal: null
13 info lifecycle angular-seed@0.0.0~start: Failed to exec start script
14 verbose stack Error: angular-seed@0.0.0 start: `http-server -a localhost -p 8000 -c-1 ./app`
14 verbose stack Exit status 1
14 verbose stack     at EventEmitter.<anonymous> (C:\Programs\nodejs\6.9.0\node_modules\npm\lib\utils\lifecycle.js:255:16)
14 verbose stack     at emitTwo (events.js:106:13)
14 verbose stack     at EventEmitter.emit (events.js:191:7)
14 verbose stack     at ChildProcess.<anonymous> (C:\Programs\nodejs\6.9.0\node_modules\npm\lib\utils\spawn.js:40:14)
14 verbose stack     at emitTwo (events.js:106:13)
14 verbose stack     at ChildProcess.emit (events.js:191:7)
14 verbose stack     at maybeClose (internal/child_process.js:877:16)
14 verbose stack     at Process.ChildProcess._handle.onexit (internal/child_process.js:226:5)
15 verbose pkgid angular-seed@0.0.0
16 verbose cwd C:\Users\mtang071\Workspace\NetBeansProjects\HelloThreeJS
17 error Windows_NT 6.1.7601
18 error argv "C:\\Programs\\nodejs\\6.9.0\\node.exe" "C:\\Programs\\nodejs\\6.9.0\\node_modules\\npm\\bin\\npm-cli.js" "start"
19 error node v6.9.0
20 error npm  v3.10.8
21 error code ELIFECYCLE
22 error angular-seed@0.0.0 start: `http-server -a localhost -p 8000 -c-1 ./app`
22 error Exit status 1
23 error Failed at the angular-seed@0.0.0 start script 'http-server -a localhost -p 8000 -c-1 ./app'.
23 error Make sure you have the latest version of node.js and npm installed.
23 error If you do, this is most likely a problem with the angular-seed package,
23 error not with npm itself.
23 error Tell the author that this fails on your system:
23 error     http-server -a localhost -p 8000 -c-1 ./app
23 error You can get information on how to open an issue for this project with:
23 error     npm bugs angular-seed
23 error Or if that isn't available, you can get their info via:
23 error     npm owner ls angular-seed
23 error There is likely additional logging output above.
24 verbose exit [ 1, true ]
